::1 - - [06/Feb/2017:02:55:52 +0000] "GET / HTTP/1.1" 200 1344 "-" "Mozilla/5.0 (Macintosh; Intel Mac OS X 10_12_1) AppleWebKit/537.36 (KHTML, like Gecko) Chrome/55.0.2883.95 Safari/537.36"
::1 - - [06/Feb/2017:02:55:52 +0000] "GET /favicon.ico HTTP/1.1" 404 24 "http://localhost:3000/" "Mozilla/5.0 (Macintosh; Intel Mac OS X 10_12_1) AppleWebKit/537.36 (KHTML, like Gecko) Chrome/55.0.2883.95 Safari/537.36"
::1 - - [06/Feb/2017:03:01:23 +0000] "GET / HTTP/1.1" 200 977 "-" "Mozilla/5.0 (Macintosh; Intel Mac OS X 10_12_1) AppleWebKit/537.36 (KHTML, like Gecko) Chrome/55.0.2883.95 Safari/537.36"
::1 - - [06/Feb/2017:03:02:09 +0000] "GET / HTTP/1.1" 304 - "-" "Mozilla/5.0 (Macintosh; Intel Mac OS X 10_12_1) AppleWebKit/537.36 (KHTML, like Gecko) Chrome/55.0.2883.95 Safari/537.36"
::1 - - [06/Feb/2017:03:02:15 +0000] "GET / HTTP/1.1" 304 - "-" "Mozilla/5.0 (Macintosh; Intel Mac OS X 10_12_1) AppleWebKit/537.36 (KHTML, like Gecko) Chrome/55.0.2883.95 Safari/537.36"
::1 - - [06/Feb/2017:03:03:00 +0000] "GET / HTTP/1.1" 304 - "-" "Mozilla/5.0 (Macintosh; Intel Mac OS X 10_12_1) AppleWebKit/537.36 (KHTML, like Gecko) Chrome/55.0.2883.95 Safari/537.36"
::1 - - [06/Feb/2017:03:03:07 +0000] "GET / HTTP/1.1" 304 - "-" "Mozilla/5.0 (Macintosh; Intel Mac OS X 10_12_1) AppleWebKit/537.36 (KHTML, like Gecko) Chrome/55.0.2883.95 Safari/537.36"
::1 - - [06/Feb/2017:03:04:35 +0000] "GET / HTTP/1.1" 304 - "-" "Mozilla/5.0 (Macintosh; Intel Mac OS X 10_12_1) AppleWebKit/537.36 (KHTML, like Gecko) Chrome/55.0.2883.95 Safari/537.36"
::1 - - [06/Feb/2017:03:04:37 +0000] "GET / HTTP/1.1" 304 - "-" "Mozilla/5.0 (Macintosh; Intel Mac OS X 10_12_1) AppleWebKit/537.36 (KHTML, like Gecko) Chrome/55.0.2883.95 Safari/537.36"
::1 - - [06/Feb/2017:03:04:55 +0000] "GET / HTTP/1.1" 304 - "-" "Mozilla/5.0 (Macintosh; Intel Mac OS X 10_12_1) AppleWebKit/537.36 (KHTML, like Gecko) Chrome/55.0.2883.95 Safari/537.36"
::1 - - [06/Feb/2017:03:05:23 +0000] "GET / HTTP/1.1" 304 - "-" "Mozilla/5.0 (Macintosh; Intel Mac OS X 10_12_1) AppleWebKit/537.36 (KHTML, like Gecko) Chrome/55.0.2883.95 Safari/537.36"
::1 - - [06/Feb/2017:03:05:39 +0000] "GET / HTTP/1.1" 304 - "-" "Mozilla/5.0 (Macintosh; Intel Mac OS X 10_12_1) AppleWebKit/537.36 (KHTML, like Gecko) Chrome/55.0.2883.95 Safari/537.36"
::1 - - [06/Feb/2017:03:06:11 +0000] "GET / HTTP/1.1" 304 - "-" "Mozilla/5.0 (Macintosh; Intel Mac OS X 10_12_1) AppleWebKit/537.36 (KHTML, like Gecko) Chrome/55.0.2883.95 Safari/537.36"
::1 - - [06/Feb/2017:03:08:20 +0000] "GET / HTTP/1.1" 304 - "-" "Mozilla/5.0 (Macintosh; Intel Mac OS X 10_12_1) AppleWebKit/537.36 (KHTML, like Gecko) Chrome/55.0.2883.95 Safari/537.36"
::1 - - [06/Feb/2017:03:10:29 +0000] "GET / HTTP/1.1" 304 - "-" "Mozilla/5.0 (Macintosh; Intel Mac OS X 10_12_1) AppleWebKit/537.36 (KHTML, like Gecko) Chrome/55.0.2883.95 Safari/537.36"
::1 - - [06/Feb/2017:03:10:31 +0000] "GET / HTTP/1.1" 304 - "-" "Mozilla/5.0 (Macintosh; Intel Mac OS X 10_12_1) AppleWebKit/537.36 (KHTML, like Gecko) Chrome/55.0.2883.95 Safari/537.36"
::1 - - [06/Feb/2017:03:11:01 +0000] "GET / HTTP/1.1" 304 - "-" "Mozilla/5.0 (Macintosh; Intel Mac OS X 10_12_1) AppleWebKit/537.36 (KHTML, like Gecko) Chrome/55.0.2883.95 Safari/537.36"
::1 - - [06/Feb/2017:03:11:07 +0000] "GET / HTTP/1.1" 304 - "-" "Mozilla/5.0 (Macintosh; Intel Mac OS X 10_12_1) AppleWebKit/537.36 (KHTML, like Gecko) Chrome/55.0.2883.95 Safari/537.36"
::1 - - [06/Feb/2017:03:11:29 +0000] "GET / HTTP/1.1" 200 977 "-" "Mozilla/5.0 (Macintosh; Intel Mac OS X 10_12_1) AppleWebKit/602.2.14 (KHTML, like Gecko) Version/10.0.1 Safari/602.2.14"
::1 - - [06/Feb/2017:03:15:29 +0000] "GET / HTTP/1.1" 200 3456 "-" "Mozilla/5.0 (Macintosh; Intel Mac OS X 10_12_1) AppleWebKit/537.36 (KHTML, like Gecko) Chrome/55.0.2883.95 Safari/537.36"
::1 - - [06/Feb/2017:03:20:30 +0000] "GET / HTTP/1.1" 200 3671 "-" "Mozilla/5.0 (Macintosh; Intel Mac OS X 10_12_1) AppleWebKit/537.36 (KHTML, like Gecko) Chrome/55.0.2883.95 Safari/537.36"
::1 - - [06/Feb/2017:03:20:44 +0000] "GET / HTTP/1.1" 200 3695 "-" "Mozilla/5.0 (Macintosh; Intel Mac OS X 10_12_1) AppleWebKit/537.36 (KHTML, like Gecko) Chrome/55.0.2883.95 Safari/537.36"
::1 - - [06/Feb/2017:03:27:01 +0000] "GET / HTTP/1.1" 500 1489 "-" "Mozilla/5.0 (Macintosh; Intel Mac OS X 10_12_1) AppleWebKit/537.36 (KHTML, like Gecko) Chrome/55.0.2883.95 Safari/537.36"
::1 - - [06/Feb/2017:03:28:05 +0000] "GET / HTTP/1.1" 200 4676 "-" "Mozilla/5.0 (Macintosh; Intel Mac OS X 10_12_1) AppleWebKit/537.36 (KHTML, like Gecko) Chrome/55.0.2883.95 Safari/537.36"
::1 - - [06/Feb/2017:03:28:44 +0000] "GET / HTTP/1.1" 200 4685 "-" "Mozilla/5.0 (Macintosh; Intel Mac OS X 10_12_1) AppleWebKit/537.36 (KHTML, like Gecko) Chrome/55.0.2883.95 Safari/537.36"
::1 - - [06/Feb/2017:03:29:30 +0000] "GET / HTTP/1.1" 200 4586 "-" "Mozilla/5.0 (Macintosh; Intel Mac OS X 10_12_1) AppleWebKit/537.36 (KHTML, like Gecko) Chrome/55.0.2883.95 Safari/537.36"
::1 - - [06/Feb/2017:03:30:12 +0000] "GET / HTTP/1.1" 200 4578 "-" "Mozilla/5.0 (Macintosh; Intel Mac OS X 10_12_1) AppleWebKit/537.36 (KHTML, like Gecko) Chrome/55.0.2883.95 Safari/537.36"
::1 - - [06/Feb/2017:03:30:24 +0000] "GET / HTTP/1.1" 200 4575 "-" "Mozilla/5.0 (Macintosh; Intel Mac OS X 10_12_1) AppleWebKit/537.36 (KHTML, like Gecko) Chrome/55.0.2883.95 Safari/537.36"
::1 - - [06/Feb/2017:03:31:14 +0000] "GET / HTTP/1.1" 200 4538 "-" "Mozilla/5.0 (Macintosh; Intel Mac OS X 10_12_1) AppleWebKit/537.36 (KHTML, like Gecko) Chrome/55.0.2883.95 Safari/537.36"
::1 - - [06/Feb/2017:03:35:57 +0000] "DELETE /categories/0?_method=DELETE HTTP/1.1" 404 43 "http://localhost:3000/" "Mozilla/5.0 (Macintosh; Intel Mac OS X 10_12_1) AppleWebKit/537.36 (KHTML, like Gecko) Chrome/55.0.2883.95 Safari/537.36"
::1 - - [06/Feb/2017:03:37:08 +0000] "DELETE /categories/0?_method=DELETE HTTP/1.1" 404 43 "http://localhost:3000/" "Mozilla/5.0 (Macintosh; Intel Mac OS X 10_12_1) AppleWebKit/537.36 (KHTML, like Gecko) Chrome/55.0.2883.95 Safari/537.36"
::1 - - [06/Feb/2017:03:37:32 +0000] "DELETE /categories/0?_method=DELETE HTTP/1.1" 404 43 "http://localhost:3000/" "Mozilla/5.0 (Macintosh; Intel Mac OS X 10_12_1) AppleWebKit/537.36 (KHTML, like Gecko) Chrome/55.0.2883.95 Safari/537.36"
::1 - - [06/Feb/2017:03:37:35 +0000] "GET / HTTP/1.1" 200 4505 "-" "Mozilla/5.0 (Macintosh; Intel Mac OS X 10_12_1) AppleWebKit/537.36 (KHTML, like Gecko) Chrome/55.0.2883.95 Safari/537.36"
::1 - - [06/Feb/2017:03:37:37 +0000] "DELETE /0?_method=DELETE HTTP/1.1" 302 46 "http://localhost:3000/" "Mozilla/5.0 (Macintosh; Intel Mac OS X 10_12_1) AppleWebKit/537.36 (KHTML, like Gecko) Chrome/55.0.2883.95 Safari/537.36"
::1 - - [06/Feb/2017:03:37:37 +0000] "GET / HTTP/1.1" 200 2695 "http://localhost:3000/" "Mozilla/5.0 (Macintosh; Intel Mac OS X 10_12_1) AppleWebKit/537.36 (KHTML, like Gecko) Chrome/55.0.2883.95 Safari/537.36"
::1 - - [06/Feb/2017:03:37:47 +0000] "GET / HTTP/1.1" 304 - "-" "Mozilla/5.0 (Macintosh; Intel Mac OS X 10_12_1) AppleWebKit/537.36 (KHTML, like Gecko) Chrome/55.0.2883.95 Safari/537.36"
::1 - - [06/Feb/2017:03:38:13 +0000] "GET / HTTP/1.1" 200 4505 "-" "Mozilla/5.0 (Macintosh; Intel Mac OS X 10_12_1) AppleWebKit/537.36 (KHTML, like Gecko) Chrome/55.0.2883.95 Safari/537.36"
::1 - - [06/Feb/2017:03:38:15 +0000] "DELETE /0?_method=DELETE HTTP/1.1" 302 46 "http://localhost:3000/" "Mozilla/5.0 (Macintosh; Intel Mac OS X 10_12_1) AppleWebKit/537.36 (KHTML, like Gecko) Chrome/55.0.2883.95 Safari/537.36"
::1 - - [06/Feb/2017:03:38:15 +0000] "GET / HTTP/1.1" 200 2695 "http://localhost:3000/" "Mozilla/5.0 (Macintosh; Intel Mac OS X 10_12_1) AppleWebKit/537.36 (KHTML, like Gecko) Chrome/55.0.2883.95 Safari/537.36"
::1 - - [06/Feb/2017:03:39:25 +0000] "GET / HTTP/1.1" 200 4505 "-" "Mozilla/5.0 (Macintosh; Intel Mac OS X 10_12_1) AppleWebKit/537.36 (KHTML, like Gecko) Chrome/55.0.2883.95 Safari/537.36"
::1 - - [06/Feb/2017:03:39:27 +0000] "DELETE /0?_method=DELETE HTTP/1.1" 302 46 "http://localhost:3000/" "Mozilla/5.0 (Macintosh; Intel Mac OS X 10_12_1) AppleWebKit/537.36 (KHTML, like Gecko) Chrome/55.0.2883.95 Safari/537.36"
::1 - - [06/Feb/2017:03:39:27 +0000] "GET / HTTP/1.1" 200 3595 "http://localhost:3000/" "Mozilla/5.0 (Macintosh; Intel Mac OS X 10_12_1) AppleWebKit/537.36 (KHTML, like Gecko) Chrome/55.0.2883.95 Safari/537.36"
::1 - - [06/Feb/2017:03:40:06 +0000] "GET /categories/1 HTTP/1.1" 404 25 "http://localhost:3000/" "Mozilla/5.0 (Macintosh; Intel Mac OS X 10_12_1) AppleWebKit/537.36 (KHTML, like Gecko) Chrome/55.0.2883.95 Safari/537.36"
::1 - - [06/Feb/2017:17:30:22 +0000] "GET / HTTP/1.1" 304 - "-" "Mozilla/5.0 (Macintosh; Intel Mac OS X 10_12_1) AppleWebKit/537.36 (KHTML, like Gecko) Chrome/55.0.2883.95 Safari/537.36"
::1 - - [06/Feb/2017:17:53:47 +0000] "GET / HTTP/1.1" 200 4507 "-" "Mozilla/5.0 (Macintosh; Intel Mac OS X 10_12_1) AppleWebKit/537.36 (KHTML, like Gecko) Chrome/55.0.2883.95 Safari/537.36"
::1 - - [06/Feb/2017:17:53:49 +0000] "GET /categories/0 HTTP/1.1" 404 25 "http://localhost:3000/" "Mozilla/5.0 (Macintosh; Intel Mac OS X 10_12_1) AppleWebKit/537.36 (KHTML, like Gecko) Chrome/55.0.2883.95 Safari/537.36"
::1 - - [06/Feb/2017:17:56:17 +0000] "GET / HTTP/1.1" 200 4748 "-" "Mozilla/5.0 (Macintosh; Intel Mac OS X 10_12_1) AppleWebKit/537.36 (KHTML, like Gecko) Chrome/55.0.2883.95 Safari/537.36"
::1 - - [06/Feb/2017:17:56:20 +0000] "GET /categories/0 HTTP/1.1" 404 25 "http://localhost:3000/" "Mozilla/5.0 (Macintosh; Intel Mac OS X 10_12_1) AppleWebKit/537.36 (KHTML, like Gecko) Chrome/55.0.2883.95 Safari/537.36"
::1 - - [06/Feb/2017:18:00:05 +0000] "DELETE /0?_method=DELETE HTTP/1.1" 302 46 "http://localhost:3000/" "Mozilla/5.0 (Macintosh; Intel Mac OS X 10_12_1) AppleWebKit/537.36 (KHTML, like Gecko) Chrome/55.0.2883.95 Safari/537.36"
::1 - - [06/Feb/2017:18:00:05 +0000] "GET / HTTP/1.1" 200 3838 "http://localhost:3000/" "Mozilla/5.0 (Macintosh; Intel Mac OS X 10_12_1) AppleWebKit/537.36 (KHTML, like Gecko) Chrome/55.0.2883.95 Safari/537.36"
::1 - - [06/Feb/2017:18:00:08 +0000] "GET /categories/1 HTTP/1.1" 404 25 "http://localhost:3000/" "Mozilla/5.0 (Macintosh; Intel Mac OS X 10_12_1) AppleWebKit/537.36 (KHTML, like Gecko) Chrome/55.0.2883.95 Safari/537.36"
::1 - - [06/Feb/2017:18:00:28 +0000] "GET /categories/1 HTTP/1.1" 404 25 "http://localhost:3000/" "Mozilla/5.0 (Macintosh; Intel Mac OS X 10_12_1) AppleWebKit/537.36 (KHTML, like Gecko) Chrome/55.0.2883.95 Safari/537.36"
::1 - - [06/Feb/2017:18:00:48 +0000] "GET /categories/1 HTTP/1.1" 404 25 "http://localhost:3000/" "Mozilla/5.0 (Macintosh; Intel Mac OS X 10_12_1) AppleWebKit/537.36 (KHTML, like Gecko) Chrome/55.0.2883.95 Safari/537.36"
::1 - - [06/Feb/2017:18:02:10 +0000] "GET /categories/1 HTTP/1.1" 404 25 "http://localhost:3000/" "Mozilla/5.0 (Macintosh; Intel Mac OS X 10_12_1) AppleWebKit/537.36 (KHTML, like Gecko) Chrome/55.0.2883.95 Safari/537.36"
::1 - - [06/Feb/2017:18:05:57 +0000] "GET / HTTP/1.1" 200 4738 "-" "Mozilla/5.0 (Macintosh; Intel Mac OS X 10_12_1) AppleWebKit/537.36 (KHTML, like Gecko) Chrome/55.0.2883.95 Safari/537.36"
::1 - - [06/Feb/2017:18:06:00 +0000] "GET /category/0 HTTP/1.1" 200 3094 "http://localhost:3000/" "Mozilla/5.0 (Macintosh; Intel Mac OS X 10_12_1) AppleWebKit/537.36 (KHTML, like Gecko) Chrome/55.0.2883.95 Safari/537.36"
::1 - - [06/Feb/2017:18:11:30 +0000] "GET / HTTP/1.1" 304 - "-" "Mozilla/5.0 (Macintosh; Intel Mac OS X 10_12_1) AppleWebKit/537.36 (KHTML, like Gecko) Chrome/55.0.2883.95 Safari/537.36"
::1 - - [06/Feb/2017:18:11:32 +0000] "GET /category/0 HTTP/1.1" 200 4624 "http://localhost:3000/" "Mozilla/5.0 (Macintosh; Intel Mac OS X 10_12_1) AppleWebKit/537.36 (KHTML, like Gecko) Chrome/55.0.2883.95 Safari/537.36"
::1 - - [06/Feb/2017:18:11:54 +0000] "GET / HTTP/1.1" 304 - "-" "Mozilla/5.0 (Macintosh; Intel Mac OS X 10_12_1) AppleWebKit/537.36 (KHTML, like Gecko) Chrome/55.0.2883.95 Safari/537.36"
::1 - - [06/Feb/2017:18:11:55 +0000] "GET /category/0 HTTP/1.1" 200 4639 "http://localhost:3000/" "Mozilla/5.0 (Macintosh; Intel Mac OS X 10_12_1) AppleWebKit/537.36 (KHTML, like Gecko) Chrome/55.0.2883.95 Safari/537.36"
::1 - - [06/Feb/2017:18:12:05 +0000] "GET / HTTP/1.1" 304 - "-" "Mozilla/5.0 (Macintosh; Intel Mac OS X 10_12_1) AppleWebKit/537.36 (KHTML, like Gecko) Chrome/55.0.2883.95 Safari/537.36"
::1 - - [06/Feb/2017:18:12:06 +0000] "GET /category/0 HTTP/1.1" 200 4612 "http://localhost:3000/" "Mozilla/5.0 (Macintosh; Intel Mac OS X 10_12_1) AppleWebKit/537.36 (KHTML, like Gecko) Chrome/55.0.2883.95 Safari/537.36"
::1 - - [06/Feb/2017:18:12:09 +0000] "DELETE /0?_method=DELETE HTTP/1.1" 302 46 "http://localhost:3000/category/0" "Mozilla/5.0 (Macintosh; Intel Mac OS X 10_12_1) AppleWebKit/537.36 (KHTML, like Gecko) Chrome/55.0.2883.95 Safari/537.36"
::1 - - [06/Feb/2017:18:12:09 +0000] "GET / HTTP/1.1" 200 3830 "http://localhost:3000/category/0" "Mozilla/5.0 (Macintosh; Intel Mac OS X 10_12_1) AppleWebKit/537.36 (KHTML, like Gecko) Chrome/55.0.2883.95 Safari/537.36"
::1 - - [06/Feb/2017:18:23:31 +0000] "GET / HTTP/1.1" 200 4738 "-" "Mozilla/5.0 (Macintosh; Intel Mac OS X 10_12_1) AppleWebKit/537.36 (KHTML, like Gecko) Chrome/55.0.2883.95 Safari/537.36"
::1 - - [06/Feb/2017:18:23:33 +0000] "GET /category/0 HTTP/1.1" 200 4642 "http://localhost:3000/" "Mozilla/5.0 (Macintosh; Intel Mac OS X 10_12_1) AppleWebKit/537.36 (KHTML, like Gecko) Chrome/55.0.2883.95 Safari/537.36"
::1 - - [06/Feb/2017:18:23:35 +0000] "DELETE /category//0?_method=DELETE HTTP/1.1" 404 42 "http://localhost:3000/category/0" "Mozilla/5.0 (Macintosh; Intel Mac OS X 10_12_1) AppleWebKit/537.36 (KHTML, like Gecko) Chrome/55.0.2883.95 Safari/537.36"
::1 - - [06/Feb/2017:18:27:06 +0000] "GET / HTTP/1.1" 304 - "-" "Mozilla/5.0 (Macintosh; Intel Mac OS X 10_12_1) AppleWebKit/537.36 (KHTML, like Gecko) Chrome/55.0.2883.95 Safari/537.36"
::1 - - [06/Feb/2017:18:27:09 +0000] "GET /category/0 HTTP/1.1" 200 4645 "http://localhost:3000/" "Mozilla/5.0 (Macintosh; Intel Mac OS X 10_12_1) AppleWebKit/537.36 (KHTML, like Gecko) Chrome/55.0.2883.95 Safari/537.36"
::1 - - [06/Feb/2017:18:27:10 +0000] "DELETE /category/0/0?_method=DELETE HTTP/1.1" 404 43 "http://localhost:3000/category/0" "Mozilla/5.0 (Macintosh; Intel Mac OS X 10_12_1) AppleWebKit/537.36 (KHTML, like Gecko) Chrome/55.0.2883.95 Safari/537.36"
::1 - - [06/Feb/2017:18:27:52 +0000] "GET / HTTP/1.1" 304 - "-" "Mozilla/5.0 (Macintosh; Intel Mac OS X 10_12_1) AppleWebKit/537.36 (KHTML, like Gecko) Chrome/55.0.2883.95 Safari/537.36"
::1 - - [06/Feb/2017:18:27:54 +0000] "GET /category/0 HTTP/1.1" 304 - "http://localhost:3000/" "Mozilla/5.0 (Macintosh; Intel Mac OS X 10_12_1) AppleWebKit/537.36 (KHTML, like Gecko) Chrome/55.0.2883.95 Safari/537.36"
::1 - - [06/Feb/2017:18:27:56 +0000] "DELETE /category/0/0?_method=DELETE HTTP/1.1" 302 68 "http://localhost:3000/category/0" "Mozilla/5.0 (Macintosh; Intel Mac OS X 10_12_1) AppleWebKit/537.36 (KHTML, like Gecko) Chrome/55.0.2883.95 Safari/537.36"
::1 - - [06/Feb/2017:18:27:56 +0000] "GET /category/0/category/:id HTTP/1.1" 404 36 "http://localhost:3000/category/0" "Mozilla/5.0 (Macintosh; Intel Mac OS X 10_12_1) AppleWebKit/537.36 (KHTML, like Gecko) Chrome/55.0.2883.95 Safari/537.36"
::1 - - [06/Feb/2017:18:28:34 +0000] "GET / HTTP/1.1" 304 - "-" "Mozilla/5.0 (Macintosh; Intel Mac OS X 10_12_1) AppleWebKit/537.36 (KHTML, like Gecko) Chrome/55.0.2883.95 Safari/537.36"
::1 - - [06/Feb/2017:18:28:36 +0000] "GET /category/0 HTTP/1.1" 304 - "http://localhost:3000/" "Mozilla/5.0 (Macintosh; Intel Mac OS X 10_12_1) AppleWebKit/537.36 (KHTML, like Gecko) Chrome/55.0.2883.95 Safari/537.36"
::1 - - [06/Feb/2017:18:28:37 +0000] "DELETE /category/0/0?_method=DELETE HTTP/1.1" 302 46 "http://localhost:3000/category/0" "Mozilla/5.0 (Macintosh; Intel Mac OS X 10_12_1) AppleWebKit/537.36 (KHTML, like Gecko) Chrome/55.0.2883.95 Safari/537.36"
::1 - - [06/Feb/2017:18:28:37 +0000] "GET / HTTP/1.1" 200 4654 "http://localhost:3000/category/0" "Mozilla/5.0 (Macintosh; Intel Mac OS X 10_12_1) AppleWebKit/537.36 (KHTML, like Gecko) Chrome/55.0.2883.95 Safari/537.36"
::1 - - [06/Feb/2017:18:28:44 +0000] "GET /category/0 HTTP/1.1" 200 4044 "http://localhost:3000/" "Mozilla/5.0 (Macintosh; Intel Mac OS X 10_12_1) AppleWebKit/537.36 (KHTML, like Gecko) Chrome/55.0.2883.95 Safari/537.36"
::1 - - [06/Feb/2017:18:29:06 +0000] "GET / HTTP/1.1" 200 4738 "-" "Mozilla/5.0 (Macintosh; Intel Mac OS X 10_12_1) AppleWebKit/537.36 (KHTML, like Gecko) Chrome/55.0.2883.95 Safari/537.36"
::1 - - [06/Feb/2017:18:29:07 +0000] "GET /category/0 HTTP/1.1" 200 4645 "http://localhost:3000/" "Mozilla/5.0 (Macintosh; Intel Mac OS X 10_12_1) AppleWebKit/537.36 (KHTML, like Gecko) Chrome/55.0.2883.95 Safari/537.36"
::1 - - [06/Feb/2017:18:29:09 +0000] "DELETE /category/0/0?_method=DELETE HTTP/1.1" 302 72 "http://localhost:3000/category/0" "Mozilla/5.0 (Macintosh; Intel Mac OS X 10_12_1) AppleWebKit/537.36 (KHTML, like Gecko) Chrome/55.0.2883.95 Safari/537.36"
::1 - - [06/Feb/2017:18:29:09 +0000] "GET /category/:cid HTTP/1.1" 500 1386 "http://localhost:3000/category/0" "Mozilla/5.0 (Macintosh; Intel Mac OS X 10_12_1) AppleWebKit/537.36 (KHTML, like Gecko) Chrome/55.0.2883.95 Safari/537.36"
::1 - - [06/Feb/2017:18:29:44 +0000] "GET / HTTP/1.1" 304 - "-" "Mozilla/5.0 (Macintosh; Intel Mac OS X 10_12_1) AppleWebKit/537.36 (KHTML, like Gecko) Chrome/55.0.2883.95 Safari/537.36"
::1 - - [06/Feb/2017:18:29:47 +0000] "GET /category/0 HTTP/1.1" 304 - "http://localhost:3000/" "Mozilla/5.0 (Macintosh; Intel Mac OS X 10_12_1) AppleWebKit/537.36 (KHTML, like Gecko) Chrome/55.0.2883.95 Safari/537.36"
::1 - - [06/Feb/2017:18:29:48 +0000] "DELETE /category/0/0?_method=DELETE HTTP/1.1" 302 66 "http://localhost:3000/category/0" "Mozilla/5.0 (Macintosh; Intel Mac OS X 10_12_1) AppleWebKit/537.36 (KHTML, like Gecko) Chrome/55.0.2883.95 Safari/537.36"
::1 - - [06/Feb/2017:18:29:48 +0000] "GET /category/0 HTTP/1.1" 200 4044 "http://localhost:3000/category/0" "Mozilla/5.0 (Macintosh; Intel Mac OS X 10_12_1) AppleWebKit/537.36 (KHTML, like Gecko) Chrome/55.0.2883.95 Safari/537.36"
::1 - - [06/Feb/2017:18:29:57 +0000] "DELETE /category/0/2?_method=DELETE HTTP/1.1" 302 66 "http://localhost:3000/category/0" "Mozilla/5.0 (Macintosh; Intel Mac OS X 10_12_1) AppleWebKit/537.36 (KHTML, like Gecko) Chrome/55.0.2883.95 Safari/537.36"
::1 - - [06/Feb/2017:18:29:57 +0000] "GET /category/0 HTTP/1.1" 200 3439 "http://localhost:3000/category/0" "Mozilla/5.0 (Macintosh; Intel Mac OS X 10_12_1) AppleWebKit/537.36 (KHTML, like Gecko) Chrome/55.0.2883.95 Safari/537.36"
::1 - - [06/Feb/2017:18:31:04 +0000] "GET / HTTP/1.1" 200 4568 "-" "Mozilla/5.0 (Macintosh; Intel Mac OS X 10_12_1) AppleWebKit/537.36 (KHTML, like Gecko) Chrome/55.0.2883.95 Safari/537.36"
::1 - - [06/Feb/2017:18:31:21 +0000] "GET / HTTP/1.1" 304 - "-" "Mozilla/5.0 (Macintosh; Intel Mac OS X 10_12_1) AppleWebKit/537.36 (KHTML, like Gecko) Chrome/55.0.2883.95 Safari/537.36"
::1 - - [06/Feb/2017:18:31:22 +0000] "GET /category/0 HTTP/1.1" 200 3483 "http://localhost:3000/" "Mozilla/5.0 (Macintosh; Intel Mac OS X 10_12_1) AppleWebKit/537.36 (KHTML, like Gecko) Chrome/55.0.2883.95 Safari/537.36"
::1 - - [06/Feb/2017:18:31:23 +0000] "GET / HTTP/1.1" 304 - "http://localhost:3000/category/0" "Mozilla/5.0 (Macintosh; Intel Mac OS X 10_12_1) AppleWebKit/537.36 (KHTML, like Gecko) Chrome/55.0.2883.95 Safari/537.36"
::1 - - [06/Feb/2017:18:31:30 +0000] "GET /category/0 HTTP/1.1" 304 - "http://localhost:3000/" "Mozilla/5.0 (Macintosh; Intel Mac OS X 10_12_1) AppleWebKit/537.36 (KHTML, like Gecko) Chrome/55.0.2883.95 Safari/537.36"
::1 - - [06/Feb/2017:18:31:45 +0000] "POST /product HTTP/1.1" 404 21 "http://localhost:3000/category/0" "Mozilla/5.0 (Macintosh; Intel Mac OS X 10_12_1) AppleWebKit/537.36 (KHTML, like Gecko) Chrome/55.0.2883.95 Safari/537.36"
::1 - - [06/Feb/2017:18:34:23 +0000] "GET / HTTP/1.1" 200 4738 "-" "Mozilla/5.0 (Macintosh; Intel Mac OS X 10_12_1) AppleWebKit/537.36 (KHTML, like Gecko) Chrome/55.0.2883.95 Safari/537.36"
::1 - - [06/Feb/2017:18:34:44 +0000] "POST /categories HTTP/1.1" 404 24 "http://localhost:3000/" "Mozilla/5.0 (Macintosh; Intel Mac OS X 10_12_1) AppleWebKit/537.36 (KHTML, like Gecko) Chrome/55.0.2883.95 Safari/537.36"
::1 - - [06/Feb/2017:18:35:21 +0000] "GET / HTTP/1.1" 304 - "-" "Mozilla/5.0 (Macintosh; Intel Mac OS X 10_12_1) AppleWebKit/537.36 (KHTML, like Gecko) Chrome/55.0.2883.95 Safari/537.36"
::1 - - [06/Feb/2017:18:35:24 +0000] "POST /categories HTTP/1.1" 302 46 "http://localhost:3000/" "Mozilla/5.0 (Macintosh; Intel Mac OS X 10_12_1) AppleWebKit/537.36 (KHTML, like Gecko) Chrome/55.0.2883.95 Safari/537.36"
::1 - - [06/Feb/2017:18:35:24 +0000] "GET / HTTP/1.1" 200 5382 "http://localhost:3000/" "Mozilla/5.0 (Macintosh; Intel Mac OS X 10_12_1) AppleWebKit/537.36 (KHTML, like Gecko) Chrome/55.0.2883.95 Safari/537.36"
::1 - - [06/Feb/2017:18:36:03 +0000] "GET / HTTP/1.1" 200 4738 "-" "Mozilla/5.0 (Macintosh; Intel Mac OS X 10_12_1) AppleWebKit/537.36 (KHTML, like Gecko) Chrome/55.0.2883.95 Safari/537.36"
::1 - - [06/Feb/2017:18:36:09 +0000] "POST /categories HTTP/1.1" 302 46 "http://localhost:3000/" "Mozilla/5.0 (Macintosh; Intel Mac OS X 10_12_1) AppleWebKit/537.36 (KHTML, like Gecko) Chrome/55.0.2883.95 Safari/537.36"
::1 - - [06/Feb/2017:18:36:09 +0000] "GET / HTTP/1.1" 200 5382 "http://localhost:3000/" "Mozilla/5.0 (Macintosh; Intel Mac OS X 10_12_1) AppleWebKit/537.36 (KHTML, like Gecko) Chrome/55.0.2883.95 Safari/537.36"
::1 - - [06/Feb/2017:18:41:10 +0000] "GET / HTTP/1.1" 200 4738 "-" "Mozilla/5.0 (Macintosh; Intel Mac OS X 10_12_1) AppleWebKit/537.36 (KHTML, like Gecko) Chrome/55.0.2883.95 Safari/537.36"
::1 - - [06/Feb/2017:18:41:14 +0000] "POST /categories HTTP/1.1" 302 46 "http://localhost:3000/" "Mozilla/5.0 (Macintosh; Intel Mac OS X 10_12_1) AppleWebKit/537.36 (KHTML, like Gecko) Chrome/55.0.2883.95 Safari/537.36"
::1 - - [06/Feb/2017:18:41:14 +0000] "GET / HTTP/1.1" 200 5382 "http://localhost:3000/" "Mozilla/5.0 (Macintosh; Intel Mac OS X 10_12_1) AppleWebKit/537.36 (KHTML, like Gecko) Chrome/55.0.2883.95 Safari/537.36"
::1 - - [06/Feb/2017:18:42:27 +0000] "GET / HTTP/1.1" 200 4738 "-" "Mozilla/5.0 (Macintosh; Intel Mac OS X 10_12_1) AppleWebKit/537.36 (KHTML, like Gecko) Chrome/55.0.2883.95 Safari/537.36"
::1 - - [06/Feb/2017:18:42:30 +0000] "POST /categories HTTP/1.1" 302 46 "http://localhost:3000/" "Mozilla/5.0 (Macintosh; Intel Mac OS X 10_12_1) AppleWebKit/537.36 (KHTML, like Gecko) Chrome/55.0.2883.95 Safari/537.36"
::1 - - [06/Feb/2017:18:42:30 +0000] "GET / HTTP/1.1" 200 5404 "http://localhost:3000/" "Mozilla/5.0 (Macintosh; Intel Mac OS X 10_12_1) AppleWebKit/537.36 (KHTML, like Gecko) Chrome/55.0.2883.95 Safari/537.36"
::1 - - [06/Feb/2017:18:43:43 +0000] "GET /category/3 HTTP/1.1" 200 3264 "http://localhost:3000/" "Mozilla/5.0 (Macintosh; Intel Mac OS X 10_12_1) AppleWebKit/537.36 (KHTML, like Gecko) Chrome/55.0.2883.95 Safari/537.36"
::1 - - [06/Feb/2017:18:43:47 +0000] "POST /product HTTP/1.1" 404 21 "http://localhost:3000/category/3" "Mozilla/5.0 (Macintosh; Intel Mac OS X 10_12_1) AppleWebKit/537.36 (KHTML, like Gecko) Chrome/55.0.2883.95 Safari/537.36"
::1 - - [06/Feb/2017:18:44:21 +0000] "GET / HTTP/1.1" 200 4728 "-" "Mozilla/5.0 (Macintosh; Intel Mac OS X 10_12_1) AppleWebKit/537.36 (KHTML, like Gecko) Chrome/55.0.2883.95 Safari/537.36"
::1 - - [06/Feb/2017:18:44:25 +0000] "POST / HTTP/1.1" 302 46 "http://localhost:3000/" "Mozilla/5.0 (Macintosh; Intel Mac OS X 10_12_1) AppleWebKit/537.36 (KHTML, like Gecko) Chrome/55.0.2883.95 Safari/537.36"
::1 - - [06/Feb/2017:18:44:25 +0000] "GET / HTTP/1.1" 200 5394 "http://localhost:3000/" "Mozilla/5.0 (Macintosh; Intel Mac OS X 10_12_1) AppleWebKit/537.36 (KHTML, like Gecko) Chrome/55.0.2883.95 Safari/537.36"
::1 - - [06/Feb/2017:18:44:30 +0000] "GET /category/3 HTTP/1.1" 304 - "http://localhost:3000/" "Mozilla/5.0 (Macintosh; Intel Mac OS X 10_12_1) AppleWebKit/537.36 (KHTML, like Gecko) Chrome/55.0.2883.95 Safari/537.36"
::1 - - [06/Feb/2017:18:51:29 +0000] "GET /category/0 HTTP/1.1" 200 4694 "http://localhost:3000/" "Mozilla/5.0 (Macintosh; Intel Mac OS X 10_12_1) AppleWebKit/537.36 (KHTML, like Gecko) Chrome/55.0.2883.95 Safari/537.36"
::1 - - [06/Feb/2017:18:51:39 +0000] "POST /category/0 HTTP/1.1" 302 66 "http://localhost:3000/category/0" "Mozilla/5.0 (Macintosh; Intel Mac OS X 10_12_1) AppleWebKit/537.36 (KHTML, like Gecko) Chrome/55.0.2883.95 Safari/537.36"
::1 - - [06/Feb/2017:18:51:40 +0000] "GET /category/0 HTTP/1.1" 200 5293 "http://localhost:3000/category/0" "Mozilla/5.0 (Macintosh; Intel Mac OS X 10_12_1) AppleWebKit/537.36 (KHTML, like Gecko) Chrome/55.0.2883.95 Safari/537.36"
